2023-12-09 17:55:16,203 - INFO - Successful login: hieee
2023-12-09 18:40:48,599 - INFO - Successful login: hieee
2023-12-10 09:25:02,135 - INFO - Successful login: hieee
2023-12-10 09:26:07,208 - INFO - Successful login: hieee
2023-12-10 16:15:55,097 - INFO - Successful login: hieee
2023-12-10 16:26:43,733 - INFO - Successful login: hieee
2023-12-10 19:09:02,937 - INFO - Successful login: maggymaina
2023-12-10 19:37:54,408 - INFO - Successful login: hieee
2023-12-10 20:01:30,576 - INFO - user_id: 4, google_calendar_token: None
2023-12-10 20:01:30,577 - INFO - user_id: 4, google_calendar_token: None
2023-12-10 20:07:10,839 - INFO - user_id: 4, google_calendar_token: None
2023-12-10 20:07:10,840 - INFO - user_id: 4, google_calendar_token: None
2023-12-10 20:16:14,044 - INFO - user_id: 4, google_calendar_token: None
2023-12-10 20:16:14,046 - INFO - user_id: 4, google_calendar_token: None
2023-12-10 20:19:49,477 - INFO - Successful login: Alukwe
2023-12-10 21:47:03,144 - INFO - Successful login: maggymaina
2023-12-10 21:47:27,782 - INFO - user_id: 6, google_calendar_token: None
2023-12-10 21:47:27,783 - INFO - user_id: 6, google_calendar_token: None
2023-12-10 21:48:51,208 - INFO - user_id: 6, google_calendar_token: None
2023-12-10 21:48:51,211 - INFO - user_id: 6, google_calendar_token: None
2023-12-10 21:52:01,792 - INFO - Successful login: alukwe
2023-12-10 22:44:13,217 - INFO - Successful login: alukwe
2023-12-11 00:35:06,085 - INFO - Successful login: Alukwe
